[debug] [2024-02-26T09:32:53.007Z] ----------------------------------------------------------------------
[debug] [2024-02-26T09:32:53.011Z] Command:       C:\Program Files\nodejs\node.exe C:\Users\Emmanuel\AppData\Roaming\npm\node_modules\firebase-tools\lib\bin\firebase.js init
[debug] [2024-02-26T09:32:53.012Z] CLI Version:   13.3.1
[debug] [2024-02-26T09:32:53.012Z] Platform:      win32
[debug] [2024-02-26T09:32:53.013Z] Node Version:  v20.11.0
[debug] [2024-02-26T09:32:53.013Z] Time:          Mon Feb 26 2024 10:32:53 GMT+0100 (West Africa Standard Time)
[debug] [2024-02-26T09:32:53.013Z] ----------------------------------------------------------------------
[debug] 
[debug] [2024-02-26T09:32:53.022Z] > command requires scopes: ["email","openid","https://www.googleapis.com/auth/cloudplatformprojects.readonly","https://www.googleapis.com/auth/firebase","https://www.googleapis.com/auth/cloud-platform"]
[debug] [2024-02-26T09:32:53.023Z] > authorizing via signed-in user (emmaanaba29@gmail.com)
[info] 
     ######## #### ########  ######## ########     ###     ######  ########
     ##        ##  ##     ## ##       ##     ##  ##   ##  ##       ##
     ######    ##  ########  ######   ########  #########  ######  ######
     ##        ##  ##    ##  ##       ##     ## ##     ##       ## ##
     ##       #### ##     ## ######## ########  ##     ##  ######  ########

You're about to initialize a Firebase project in this directory:

  C:\Users\Emmanuel\CODING\Projects\Simple Calculator

[info] 
=== Project Setup
[info] 
[info] First, let's associate this project directory with a Firebase project.
[info] You can create multiple project aliases by running firebase use --add, 
[info] but for now we'll just set up a default project.
[info] 
[debug] [2024-02-26T09:33:19.733Z] >>> [apiv2][query] GET https://firebase.googleapis.com/v1beta1/projects pageSize=100
[debug] [2024-02-26T09:33:19.808Z] *** [apiv2] error from fetch(https://firebase.googleapis.com/v1beta1/projects?pageSize=100, {"headers":{},"method":"GET","signal":{}}): FetchError: request to https://firebase.googleapis.com/v1beta1/projects?pageSize=100 failed, reason: getaddrinfo ENOTFOUND firebase.googleapis.com
[debug] [2024-02-26T09:33:19.808Z] Failed to make request to https://firebase.googleapis.com/v1beta1/projects?pageSize=100
[debug] [2024-02-26T09:33:19.815Z] FirebaseError: Failed to make request to https://firebase.googleapis.com/v1beta1/projects?pageSize=100
    at RetryOperation._fn (C:\Users\Emmanuel\AppData\Roaming\npm\node_modules\firebase-tools\lib\apiv2.js:246:31)
    at process.processTicksAndRejections (node:internal/process/task_queues:95:5)
[error] 
[error] Error: Failed to list Firebase projects. See firebase-debug.log for more info.
[debug] [2024-02-26T09:34:03.198Z] ----------------------------------------------------------------------
[debug] [2024-02-26T09:34:03.202Z] Command:       C:\Program Files\nodejs\node.exe C:\Users\Emmanuel\AppData\Roaming\npm\node_modules\firebase-tools\lib\bin\firebase.js init
[debug] [2024-02-26T09:34:03.202Z] CLI Version:   13.3.1
[debug] [2024-02-26T09:34:03.203Z] Platform:      win32
[debug] [2024-02-26T09:34:03.203Z] Node Version:  v20.11.0
[debug] [2024-02-26T09:34:03.203Z] Time:          Mon Feb 26 2024 10:34:03 GMT+0100 (West Africa Standard Time)
[debug] [2024-02-26T09:34:03.203Z] ----------------------------------------------------------------------
[debug] 
[debug] [2024-02-26T09:34:03.212Z] > command requires scopes: ["email","openid","https://www.googleapis.com/auth/cloudplatformprojects.readonly","https://www.googleapis.com/auth/firebase","https://www.googleapis.com/auth/cloud-platform"]
[debug] [2024-02-26T09:34:03.213Z] > authorizing via signed-in user (emmaanaba29@gmail.com)
[info] 
     ######## #### ########  ######## ########     ###     ######  ########
     ##        ##  ##     ## ##       ##     ##  ##   ##  ##       ##
     ######    ##  ########  ######   ########  #########  ######  ######
     ##        ##  ##    ##  ##       ##     ## ##     ##       ## ##
     ##       #### ##     ## ######## ########  ##     ##  ######  ########

You're about to initialize a Firebase project in this directory:

  C:\Users\Emmanuel\CODING\Projects\Simple Calculator

[info] 
=== Project Setup
[info] 
[info] First, let's associate this project directory with a Firebase project.
[info] You can create multiple project aliases by running firebase use --add, 
[info] but for now we'll just set up a default project.
[info] 
[debug] [2024-02-26T09:34:11.280Z] >>> [apiv2][query] GET https://firebase.googleapis.com/v1beta1/projects pageSize=100
[debug] [2024-02-26T09:34:23.196Z] *** [apiv2] error from fetch(https://firebase.googleapis.com/v1beta1/projects?pageSize=100, {"headers":{},"method":"GET","signal":{}}): FetchError: request to https://firebase.googleapis.com/v1beta1/projects?pageSize=100 failed, reason: getaddrinfo ENOTFOUND firebase.googleapis.com
[debug] [2024-02-26T09:34:23.199Z] Failed to make request to https://firebase.googleapis.com/v1beta1/projects?pageSize=100
[debug] [2024-02-26T09:34:28.232Z] Error: Timed out.
    at Timeout._onTimeout (C:\Users\Emmanuel\AppData\Roaming\npm\node_modules\firebase-tools\lib\utils.js:258:49)
    at listOnTimeout (node:internal/timers:573:17)
    at process.processTimers (node:internal/timers:514:7)
[error] 
[error] Error: An unexpected error has occurred.
